2020-12-07 11:33:51,374 DEBUG    root            Loaded Command Group: ['gcloud', 'config']
2020-12-07 11:33:51,381 DEBUG    root            Loaded Command Group: ['gcloud', 'config', 'config_helper']
2020-12-07 11:33:51,384 DEBUG    root            Running [gcloud.config.config-helper] with arguments: [--format: "json"]
2020-12-07 11:33:51,425 DEBUG    google_auth_httplib2 Making request: POST https://oauth2.googleapis.com/token
2020-12-07 11:33:51,674 INFO     root            Display format: "default json"
2020-12-07 11:33:51,675 INFO     ___FILE_ONLY___ {
  "configuration": {
    "active_configuration": "default",
    "properties": {
      "compute": {
        "region": "asia-northeast1",
        "zone": "asia-northeast1-c"
      },
      "core": {
        "account": "koji.yoshimura@leverages.jp",
        "disable_usage_reporting": "False",
        "project": "stg-teratail-207209"
      }
    }
  },
  "credential": {
    "access_token": "ya29.a0AfH6SMDKALwP4JpgU4qGcZxejCXsgleWK4LTh8fySh9oZ7cr4yG4al8rXuTEoH7WGlIVc-Vs6XFq1EZXSgpxINkWaja2ptgQQLqEUvgUcxvcP5KZice0Vd46Q-AfxOFnKnCwSfyiahMS97qTCver5t_wLGh0zOgR1BUIa04dpeLZwPkXCKxPIg",
    "id_token": "eyJhbGciOiJSUzI1NiIsImtpZCI6ImQ0Y2JhMjVlNTYzNjYwYTkwMDlkODIwYTFjMDIwMjIwNzA1NzRlODIiLCJ0eXAiOiJKV1QifQ.eyJpc3MiOiJodHRwczovL2FjY291bnRzLmdvb2dsZS5jb20iLCJhenAiOiIzMjU1NTk0MDU1OS5hcHBzLmdvb2dsZXVzZXJjb250ZW50LmNvbSIsImF1ZCI6IjMyNTU1OTQwNTU5LmFwcHMuZ29vZ2xldXNlcmNvbnRlbnQuY29tIiwic3ViIjoiMTAwMzg1MTM5Njk3NDE1OTE3Nzg5IiwiaGQiOiJsZXZlcmFnZXMuanAiLCJlbWFpbCI6ImtvamkueW9zaGltdXJhQGxldmVyYWdlcy5qcCIsImVtYWlsX3ZlcmlmaWVkIjp0cnVlLCJhdF9oYXNoIjoibGxsVE1EcHloY1pPWnlONkNKM0lrQSIsImlhdCI6MTYwNzMwODQzMSwiZXhwIjoxNjA3MzEyMDMxfQ.BthFkr7Ape5qxAVRHLA034UPeEDxTlYR3gWizc57WbFo9L-yvF-J2YQ6ozAmIrPma8bv_3Ukq3olK9VhYUbmzzbqgI8rQsezZCUCXUdrGLCDz6ZDHKAJ--OpxGHonRzHPDHHCyw0EUaRYPnkPS-3OxUkj_OIXAWKezpEhByK0X1i40CrLmU--2d9qpwTE2iyTTnloODFSof6zZ6VCZf1jGYKmfP3AhBfiqRYMa7vBcw7xcRXZITpCZIK6_Tbo-VjZ5u1oRObmSYgMJBadunPfpZHVzGvue8YssjiI9bWa-ZzgFUc5ZcdU8XhHo23C_jF-572yekADTBfnkw0Fo9TIw",
    "token_expiry": "2020-12-07T03:33:50Z"
  },
  "sentinels": {
    "config_sentinel": "/Users/koji.yoshimura/.config/gcloud/config_sentinel"
  }
}
2020-12-07 11:33:51,675 INFO     ___FILE_ONLY___ 

2020-12-07 11:33:51,677 DEBUG    root            Checking for updates...
2020-12-07 11:33:52,687 DEBUG    root            Updating notification cache...
2020-12-07 11:33:52,687 DEBUG    root            Activating notification: [default]
2020-12-07 11:33:52,701 DEBUG    root            Metrics reporting process started...
